<?xml version="1.0" encoding="UTF-8"?>
<!-- Generated by org.testng.reporters.JUnitReportReporter -->
<testsuite hostname="LAPTOP-O3R6MPBL" failures="0" tests="2" name="com.qa.testrunner.testRunner" time="11.217" errors="0" timestamp="2024-04-13T19:04:58 IST" skipped="0">
  <testcase classname="com.qa.testrunner.testRunner" name="runScenario" time="6.505"/>
  <testcase classname="com.qa.testrunner.testRunner" name="runScenario" time="4.712"/>
</testsuite> <!-- com.qa.testrunner.testRunner -->
