<?xml version="1.0" encoding="UTF-8"?>
<!-- Generated by org.testng.reporters.JUnitReportReporter -->
<testsuite hostname="LAPTOP-O3R6MPBL" failures="0" tests="2" name="com.qa.testrunner.testRunner" time="9.600" errors="0" timestamp="2024-04-12T18:49:27 IST" skipped="0">
  <testcase classname="com.qa.testrunner.testRunner" name="runScenario" time="4.978"/>
  <testcase classname="com.qa.testrunner.testRunner" name="runScenario" time="4.622"/>
</testsuite> <!-- com.qa.testrunner.testRunner -->
